<?xml version="1.0" encoding="UTF-8"?>
<testsuite xmlns:xsi="http://www.w3.org/2001/XMLSchema-instance" xsi:noNamespaceSchemaLocation="https://maven.apache.org/surefire/maven-surefire-plugin/xsd/surefire-test-report.xsd" name="ba.unsa.etf.rpr.IgraTest" time="0.104" tests="27" errors="0" skipped="0" failures="0">
  <properties>
    <property name="awt.toolkit" value="sun.awt.X11.XToolkit"/>
    <property name="java.specification.version" value="11"/>
    <property name="sun.cpu.isalist" value=""/>
    <property name="sun.jnu.encoding" value="UTF-8"/>
    <property name="java.class.path" value="/home/vedran/.m2/repository/org/apache/maven/surefire/surefire-booter/2.22.1/surefire-booter-2.22.1.jar:/home/vedran/.m2/repository/org/apache/maven/surefire/surefire-api/2.22.1/surefire-api-2.22.1.jar:/home/vedran/.m2/repository/org/apache/maven/surefire/surefire-logger-api/2.22.1/surefire-logger-api-2.22.1.jar:/home/vedran/IdeaProjects/rpr19-1parc-3t-rjesenje/target/test-classes:/home/vedran/IdeaProjects/rpr19-1parc-3t-rjesenje/target/classes:/home/vedran/.m2/repository/org/junit/jupiter/junit-jupiter-api/5.5.2/junit-jupiter-api-5.5.2.jar:/home/vedran/.m2/repository/org/apiguardian/apiguardian-api/1.1.0/apiguardian-api-1.1.0.jar:/home/vedran/.m2/repository/org/opentest4j/opentest4j/1.2.0/opentest4j-1.2.0.jar:/home/vedran/.m2/repository/org/junit/platform/junit-platform-commons/1.5.2/junit-platform-commons-1.5.2.jar:/home/vedran/.m2/repository/org/junit/jupiter/junit-jupiter-engine/5.5.2/junit-jupiter-engine-5.5.2.jar:/home/vedran/.m2/repository/org/junit/platform/junit-platform-engine/1.5.2/junit-platform-engine-1.5.2.jar:/home/vedran/.m2/repository/org/apache/maven/surefire/surefire-junit-platform/2.22.1/surefire-junit-platform-2.22.1.jar:/home/vedran/.m2/repository/org/junit/platform/junit-platform-launcher/1.3.1/junit-platform-launcher-1.3.1.jar"/>
    <property name="java.vm.vendor" value="Ubuntu"/>
    <property name="sun.arch.data.model" value="64"/>
    <property name="java.vendor.url" value="https://ubuntu.com/"/>
    <property name="user.timezone" value=""/>
    <property name="java.vm.specification.version" value="11"/>
    <property name="os.name" value="Linux"/>
    <property name="sun.java.launcher" value="SUN_STANDARD"/>
    <property name="user.country" value="US"/>
    <property name="sun.boot.library.path" value="/usr/lib/jvm/java-11-openjdk-amd64/lib"/>
    <property name="sun.java.command" value="org.apache.maven.surefire.booter.ForkedBooter /home/vedran/IdeaProjects/rpr19-1parc-3t-rjesenje/target/surefire 2020-02-17T11-34-50_298-jvmRun1 surefire10409016587076879782tmp surefire_017223360525910346521tmp"/>
    <property name="jdk.debug" value="release"/>
    <property name="surefire.test.class.path" value="/home/vedran/IdeaProjects/rpr19-1parc-3t-rjesenje/target/test-classes:/home/vedran/IdeaProjects/rpr19-1parc-3t-rjesenje/target/classes:/home/vedran/.m2/repository/org/junit/jupiter/junit-jupiter-api/5.5.2/junit-jupiter-api-5.5.2.jar:/home/vedran/.m2/repository/org/apiguardian/apiguardian-api/1.1.0/apiguardian-api-1.1.0.jar:/home/vedran/.m2/repository/org/opentest4j/opentest4j/1.2.0/opentest4j-1.2.0.jar:/home/vedran/.m2/repository/org/junit/platform/junit-platform-commons/1.5.2/junit-platform-commons-1.5.2.jar:/home/vedran/.m2/repository/org/junit/jupiter/junit-jupiter-engine/5.5.2/junit-jupiter-engine-5.5.2.jar:/home/vedran/.m2/repository/org/junit/platform/junit-platform-engine/1.5.2/junit-platform-engine-1.5.2.jar:"/>
    <property name="sun.cpu.endian" value="little"/>
    <property name="user.home" value="/home/vedran"/>
    <property name="user.language" value="en"/>
    <property name="java.specification.vendor" value="Oracle Corporation"/>
    <property name="java.version.date" value="2020-01-14"/>
    <property name="java.home" value="/usr/lib/jvm/java-11-openjdk-amd64"/>
    <property name="file.separator" value="/"/>
    <property name="basedir" value="/home/vedran/IdeaProjects/rpr19-1parc-3t-rjesenje"/>
    <property name="java.vm.compressedOopsMode" value="Zero based"/>
    <property name="line.separator" value="&#10;"/>
    <property name="java.specification.name" value="Java Platform API Specification"/>
    <property name="java.vm.specification.vendor" value="Oracle Corporation"/>
    <property name="java.awt.graphicsenv" value="sun.awt.X11GraphicsEnvironment"/>
    <property name="sun.management.compiler" value="HotSpot 64-Bit Tiered Compilers"/>
    <property name="java.runtime.version" value="11.0.6+10-post-Ubuntu-1ubuntu118.04.1"/>
    <property name="user.name" value="vedran"/>
    <property name="path.separator" value=":"/>
    <property name="os.version" value="4.15.0-76-generic"/>
    <property name="java.runtime.name" value="OpenJDK Runtime Environment"/>
    <property name="file.encoding" value="UTF-8"/>
    <property name="java.vm.name" value="OpenJDK 64-Bit Server VM"/>
    <property name="localRepository" value="/home/vedran/.m2/repository"/>
    <property name="java.vendor.url.bug" value="https://bugs.launchpad.net/ubuntu/+source/openjdk-lts"/>
    <property name="java.io.tmpdir" value="/tmp"/>
    <property name="java.version" value="11.0.6"/>
    <property name="user.dir" value="/home/vedran/IdeaProjects/rpr19-1parc-3t-rjesenje"/>
    <property name="os.arch" value="amd64"/>
    <property name="java.vm.specification.name" value="Java Virtual Machine Specification"/>
    <property name="java.awt.printerjob" value="sun.print.PSPrinterJob"/>
    <property name="sun.os.patch.level" value="unknown"/>
    <property name="java.library.path" value="/usr/java/packages/lib:/usr/lib/x86_64-linux-gnu/jni:/lib/x86_64-linux-gnu:/usr/lib/x86_64-linux-gnu:/usr/lib/jni:/lib:/usr/lib"/>
    <property name="java.vendor" value="Ubuntu"/>
    <property name="java.vm.info" value="mixed mode, sharing"/>
    <property name="java.vm.version" value="11.0.6+10-post-Ubuntu-1ubuntu118.04.1"/>
    <property name="sun.io.unicode.encoding" value="UnicodeLittle"/>
    <property name="java.class.version" value="55.0"/>
  </properties>
  <testcase name="registrujIgracaTest" classname="ba.unsa.etf.rpr.IgraTest" time="0.015"/>
  <testcase name="registrujIgracaIzuzetakTest" classname="ba.unsa.etf.rpr.IgraTest" time="0.001"/>
  <testcase name="dajIgracePoKriterijuTest" classname="ba.unsa.etf.rpr.IgraTest" time="0.003"/>
  <testcase name="izvrsiNapadIzuzetakTest1" classname="ba.unsa.etf.rpr.IgraTest" time="0.003"/>
  <testcase name="izvrsiNapadIzuzetakTest2" classname="ba.unsa.etf.rpr.IgraTest" time="0.001"/>
  <testcase name="izvrsiNapadIzuzetakTest3" classname="ba.unsa.etf.rpr.IgraTest" time="0.016"/>
  <testcase name="izvrsiNapadIzuzetakTest4" classname="ba.unsa.etf.rpr.IgraTest" time="0.001"/>
  <testcase name="statusIgreTest1" classname="ba.unsa.etf.rpr.IgraTest" time="0.004"/>
  <testcase name="prikaziStanjeTest1" classname="ba.unsa.etf.rpr.IgraTest" time="0.012"/>
  <testcase name="dajPrezivjeleHerojeTest" classname="ba.unsa.etf.rpr.IgraTest" time="0.001"/>
  <testcase name="dajIgraceUVodstvuTest1" classname="ba.unsa.etf.rpr.IgraTest" time="0.002"/>
  <testcase name="dajHerojeTest" classname="ba.unsa.etf.rpr.IgraTest" time="0"/>
  <testcase name="dajPrezivjeleNeprijateljeTest" classname="ba.unsa.etf.rpr.IgraTest" time="0"/>
  <testcase name="izvrsiNapadTest1" classname="ba.unsa.etf.rpr.IgraTest" time="0.001"/>
  <testcase name="izvrsiNapadTest2" classname="ba.unsa.etf.rpr.IgraTest" time="0.001"/>
  <testcase name="ukloniGubitnikeTest1" classname="ba.unsa.etf.rpr.IgraTest" time="0.002"/>
  <testcase name="ukloniGubitnikeTest2" classname="ba.unsa.etf.rpr.IgraTest" time="0.002"/>
  <testcase name="dajNeprijateljeTest" classname="ba.unsa.etf.rpr.IgraTest" time="0.001"/>
  <testcase name="restartujTest" classname="ba.unsa.etf.rpr.IgraTest" time="0.002"/>
  <testcase name="izvrsiSerijuNapadaTest1" classname="ba.unsa.etf.rpr.IgraTest" time="0.001"/>
  <testcase name="daLiJeMoguceNapastiTest" classname="ba.unsa.etf.rpr.IgraTest" time="0.001"/>
  <testcase name="registrujNapadZaIgracaTest1" classname="ba.unsa.etf.rpr.IgraTest" time="0.002"/>
  <testcase name="registrujNapadZaIgracaTest2" classname="ba.unsa.etf.rpr.IgraTest" time="0.002"/>
  <testcase name="izvrsiSerijuNapadaIzuzetakTest1" classname="ba.unsa.etf.rpr.IgraTest" time="0.002"/>
  <testcase name="izvrsiSerijuNapadaIzuzetakTest2" classname="ba.unsa.etf.rpr.IgraTest" time="0.001"/>
  <testcase name="dajPrezivjeleIgraceTest1" classname="ba.unsa.etf.rpr.IgraTest" time="0.003"/>
  <testcase name="dajPrezivjeleIgraceTest2" classname="ba.unsa.etf.rpr.IgraTest" time="0.002"/>
</testsuite>